This is pdfTeX, Version 3.141592653-2.6-1.40.27 (TeX Live 2025) (preloaded format=pdflatex 2025.4.15)  22 APR 2025 15:26
entering extended mode
 restricted \write18 enabled.
 %&-line parsing enabled.
**supervisor_recommendation_form.tex
(./supervisor_recommendation_form.tex
LaTeX2e <2024-11-01> patch level 2
L3 programming layer <2025-01-18>
(/usr/local/texlive/2025/texmf-dist/tex/latex/base/article.cls
Document Class: article 2024/06/29 v1.4n Standard LaTeX document class
(/usr/local/texlive/2025/texmf-dist/tex/latex/base/size12.clo
File: size12.clo 2024/06/29 v1.4n Standard LaTeX file (size option)
)
\c@part=\count196
\c@section=\count197
\c@subsection=\count198
\c@subsubsection=\count199
\c@paragraph=\count266
\c@subparagraph=\count267
\c@figure=\count268
\c@table=\count269
\abovecaptionskip=\skip49
\belowcaptionskip=\skip50
\bibindent=\dimen141
)
(/usr/local/texlive/2025/texmf-dist/tex/latex/base/inputenc.sty
Package: inputenc 2024/02/08 v1.3d Input encoding file
\inpenc@prehook=\toks17
\inpenc@posthook=\toks18
)
(/usr/local/texlive/2025/texmf-dist/tex/latex/geometry/geometry.sty
Package: geometry 2020/01/02 v5.9 Page Geometry

(/usr/local/texlive/2025/texmf-dist/tex/latex/graphics/keyval.sty
Package: keyval 2022/05/29 v1.15 key=value parser (DPC)
\KV@toks@=\toks19
)
(/usr/local/texlive/2025/texmf-dist/tex/generic/iftex/ifvtex.sty
Package: ifvtex 2019/10/25 v1.7 ifvtex legacy package. Use iftex instead.

(/usr/local/texlive/2025/texmf-dist/tex/generic/iftex/iftex.sty
Package: iftex 2024/12/12 v1.0g TeX engine tests
))
\Gm@cnth=\count270
\Gm@cntv=\count271
\c@Gm@tempcnt=\count272
\Gm@bindingoffset=\dimen142
\Gm@wd@mp=\dimen143
\Gm@odd@mp=\dimen144
\Gm@even@mp=\dimen145
\Gm@layoutwidth=\dimen146
\Gm@layoutheight=\dimen147
\Gm@layouthoffset=\dimen148
\Gm@layoutvoffset=\dimen149
\Gm@dimlist=\toks20
)
(/usr/local/texlive/2025/texmf-dist/tex/latex/tools/array.sty
Package: array 2024/10/17 v2.6g Tabular extension package (FMi)
\col@sep=\dimen150
\ar@mcellbox=\box52
\extrarowheight=\dimen151
\NC@list=\toks21
\extratabsurround=\skip51
\backup@length=\skip52
\ar@cellbox=\box53
)
(/usr/local/texlive/2025/texmf-dist/tex/latex/tools/tabularx.sty
Package: tabularx 2023/12/11 v2.12a `tabularx' package (DPC)
\TX@col@width=\dimen152
\TX@old@table=\dimen153
\TX@old@col=\dimen154
\TX@target=\dimen155
\TX@delta=\dimen156
\TX@cols=\count273
\TX@ftn=\toks22
)
(/usr/local/texlive/2025/texmf-dist/tex/latex/booktabs/booktabs.sty
Package: booktabs 2020/01/12 v1.61803398 Publication quality tables
\heavyrulewidth=\dimen157
\lightrulewidth=\dimen158
\cmidrulewidth=\dimen159
\belowrulesep=\dimen160
\belowbottomsep=\dimen161
\aboverulesep=\dimen162
\abovetopsep=\dimen163
\cmidrulesep=\dimen164
\cmidrulekern=\dimen165
\defaultaddspace=\dimen166
\@cmidla=\count274
\@cmidlb=\count275
\@aboverulesep=\dimen167
\@belowrulesep=\dimen168
\@thisruleclass=\count276
\@lastruleclass=\count277
\@thisrulewidth=\dimen169
)
(/usr/local/texlive/2025/texmf-dist/tex/latex/l3backend/l3backend-pdftex.def
File: l3backend-pdftex.def 2024-05-08 L3 backend support: PDF output (pdfTeX)
\l__color_backend_stack_int=\count278
\l__pdf_internal_box=\box54
)
(./supervisor_recommendation_form.aux)
\openout1 = `supervisor_recommendation_form.aux'.

LaTeX Font Info:    Checking defaults for OML/cmm/m/it on input line 13.
LaTeX Font Info:    ... okay on input line 13.
LaTeX Font Info:    Checking defaults for OMS/cmsy/m/n on input line 13.
LaTeX Font Info:    ... okay on input line 13.
LaTeX Font Info:    Checking defaults for OT1/cmr/m/n on input line 13.
LaTeX Font Info:    ... okay on input line 13.
LaTeX Font Info:    Checking defaults for T1/cmr/m/n on input line 13.
LaTeX Font Info:    ... okay on input line 13.
LaTeX Font Info:    Checking defaults for TS1/cmr/m/n on input line 13.
LaTeX Font Info:    ... okay on input line 13.
LaTeX Font Info:    Checking defaults for OMX/cmex/m/n on input line 13.
LaTeX Font Info:    ... okay on input line 13.
LaTeX Font Info:    Checking defaults for U/cmr/m/n on input line 13.
LaTeX Font Info:    ... okay on input line 13.

*geometry* driver: auto-detecting
*geometry* detected driver: pdftex
*geometry* verbose mode - [ preamble ] result:
* driver: pdftex
* paper: a4paper
* layout: <same size as paper>
* layoutoffset:(h,v)=(0.0pt,0.0pt)
* modes: 
* h-part:(L,W,R)=(56.9055pt, 483.69687pt, 56.9055pt)
* v-part:(T,H,B)=(56.9055pt, 731.23584pt, 56.9055pt)
* \paperwidth=597.50787pt
* \paperheight=845.04684pt
* \textwidth=483.69687pt
* \textheight=731.23584pt
* \oddsidemargin=-15.36449pt
* \evensidemargin=-15.36449pt
* \topmargin=-52.36449pt
* \headheight=12.0pt
* \headsep=25.0pt
* \topskip=12.0pt
* \footskip=30.0pt
* \marginparwidth=35.0pt
* \marginparsep=10.0pt
* \columnsep=10.0pt
* \skip\footins=10.8pt plus 4.0pt minus 2.0pt
* \hoffset=0.0pt
* \voffset=0.0pt
* \mag=1000
* \@twocolumnfalse
* \@twosidefalse
* \@mparswitchfalse
* \@reversemarginfalse
* (1in=72.27pt=25.4mm, 1cm=28.453pt)


Overfull \hbox (483.69687pt too wide) in paragraph at lines 21--25
[][] 
 []


Overfull \hbox (483.69687pt too wide) in paragraph at lines 27--31
[][] 
 []

LaTeX Font Info:    External font `cmex10' loaded for size
(Font)              <12> on input line 33.
LaTeX Font Info:    External font `cmex10' loaded for size
(Font)              <8> on input line 33.
LaTeX Font Info:    External font `cmex10' loaded for size
(Font)              <6> on input line 33.

Overfull \hbox (14.37201pt too wide) in paragraph at lines 33--41
[][] 
 []


Overfull \hbox (10.28072pt too wide) in paragraph at lines 49--50
[]\OT1/cmr/m/n/12 Supervision %: [] 40% [] 
 []


Overfull \hbox (10.61516pt too wide) in paragraph at lines 52--53
[]\OT1/cmr/m/n/12 Supervisor Qual-i-fi-ca-tions: []
 []


Overfull \hbox (280.21817pt too wide) in paragraph at lines 52--53
\OT1/cmr/m/n/12 MB-BCh, MPH, MBA, PhD in Clin-i-cal Epi-demi-ol-ogy, Diploma in
 HIV Man-age-ment [] 
 []


Overfull \hbox (1.5722pt too wide) in paragraph at lines 55--56
[]\OT1/cmr/m/n/12 Supervisor De-part-ment: []
 []


Overfull \hbox (273.10413pt too wide) in paragraph at lines 55--56
\OT1/cmr/m/n/12 Wits In-fec-tious Dis-eases and On-col-ogy Re-search In-sti-tut
e, School of Pub-lic Health [] 
 []


Overfull \hbox (10.28072pt too wide) in paragraph at lines 67--68
[]\OT1/cmr/m/n/12 Supervision %: [] 25% [] 
 []


Overfull \hbox (10.61516pt too wide) in paragraph at lines 70--71
[]\OT1/cmr/m/n/12 Supervisor Qual-i-fi-ca-tions: []
 []


Overfull \hbox (1.5722pt too wide) in paragraph at lines 73--74
[]\OT1/cmr/m/n/12 Supervisor De-part-ment: []
 []


Overfull \hbox (234.46008pt too wide) in paragraph at lines 73--74
\OT1/cmr/m/n/12 Wits Plan-e-tary Health Re-search Di-vi-sion, Trin-ity Col-lege
/Wits Uni-ver-sity [] 
 []


Overfull \hbox (150.30647pt too wide) in paragraph at lines 76--77
[]\OT1/cmr/m/n/12 Supervisor Tele-phone: [] E-mail: []
 []



[1

{/usr/local/texlive/2025/texmf-var/fonts/map/pdftex/updmap/pdftex.map}]
Overfull \hbox (10.28072pt too wide) in paragraph at lines 88--89
[]\OT1/cmr/m/n/12 Supervision %: [] 20% [] 
 []


Overfull \hbox (10.61516pt too wide) in paragraph at lines 91--92
[]\OT1/cmr/m/n/12 Supervisor Qual-i-fi-ca-tions: []
 []


Overfull \hbox (202.88692pt too wide) in paragraph at lines 91--92
\OT1/cmr/m/n/12 MD, MS, AGAF (Amer-i-can Gas-troen-tero-log-i-cal As-so-ci-a-ti
on Fel-low) [] 
 []


Overfull \hbox (1.5722pt too wide) in paragraph at lines 94--95
[]\OT1/cmr/m/n/12 Supervisor De-part-ment: []
 []


Overfull \hbox (301.39966pt too wide) in paragraph at lines 94--95
\OT1/cmr/m/n/12 De-part-ments of Learn-ing Health Sci-ences and In-ter-nal Medi
cine, Uni-ver-sity of Michi-gan [] 
 []


Overfull \hbox (150.30647pt too wide) in paragraph at lines 97--98
[]\OT1/cmr/m/n/12 Supervisor Tele-phone: [] E-mail: []
 []



[2] (./supervisor_recommendation_form.aux)
 ***********
LaTeX2e <2024-11-01> patch level 2
L3 programming layer <2025-01-18>
 ***********
 ) 
Here is how much of TeX's memory you used:
 1297 strings out of 473190
 22056 string characters out of 5715800
 423275 words of memory out of 5000000
 24593 multiletter control sequences out of 15000+600000
 562486 words of font info for 48 fonts, out of 8000000 for 9000
 1141 hyphenation exceptions out of 8191
 57i,8n,65p,321b,151s stack positions out of 10000i,1000n,20000p,200000b,200000s
</usr/local/texlive/2025/texmf-dist/fonts/type1/public/amsfonts/cm/cmbx12.pfb
></usr/local/texlive/2025/texmf-dist/fonts/type1/public/amsfonts/cm/cmr12.pfb>
Output written on supervisor_recommendation_form.pdf (2 pages, 39837 bytes).
PDF statistics:
 21 PDF objects out of 1000 (max. 8388607)
 12 compressed objects within 1 object stream
 0 named destinations out of 1000 (max. 500000)
 1 words of extra memory for PDF output out of 10000 (max. 10000000)

